0 silly argv {
0 silly argv   _: [ 'publish' ],
0 silly argv   composed: 'publish',
0 silly argv   lernaVersion: '4.0.0',
0 silly argv   '$0': 'C:\\Users\\admin\\AppData\\Roaming\\npm\\node_modules\\lerna\\cli.js'
0 silly argv }
1 notice cli v4.0.0
2 verbose rootPath C:\github-my\visual-interface
3 verbose session 8c643db0e8ec73de
4 verbose user-agent lerna/4.0.0/node@v14.16.0+x64 (win32)
5 silly argv { _: [ 'publish' ], composed: 'publish', lernaVersion: '4.0.0' }
6 verbose rootPath C:\github-my\visual-interface
7 info current version 0.0.3
8 silly isAnythingCommitted
9 verbose isAnythingCommitted 1
10 silly getCurrentBranch
11 verbose currentBranch main
12 silly remoteBranchExists
13 silly isBehindUpstream
14 silly isBehindUpstream main is behind origin/main by 0 commit(s) and ahead by 0
15 silly hasTags
16 verbose hasTags true
17 silly git-describe.sync "v0.0.3-1-g94f3f47" => {"lastTagName":"v0.0.3","lastVersion":"v0.0.3","refCount":"1","sha":"94f3f47","isDirty":false}
18 info Looking for changed packages since v0.0.3
19 silly checking diff packages/create-cli
20 silly found diff in packages/create-cli/package.json
21 verbose filtered diff [ 'packages/create-cli/package.json' ]
22 silly checking diff packages/engine
23 silly found diff in packages/engine/package.json
24 verbose filtered diff [ 'packages/engine/package.json' ]
25 silly checking diff packages/page-base
26 silly found diff in packages/page-base/package.json
27 verbose filtered diff [ 'packages/page-base/package.json' ]
28 silly checking diff packages/record
29 silly found diff in packages/record/package.json
30 verbose filtered diff [ 'packages/record/package.json' ]
31 silly checking diff packages/server
32 silly found diff in packages/server/package.json
33 verbose filtered diff [ 'packages/server/package.json' ]
34 verbose updated @visual-interface/create-design-cli
35 verbose updated @visual-interface/engine
36 verbose updated @visual-interface/page-base
37 verbose updated @visual-interface/record
38 verbose updated @visual-interface/server
39 verbose git-describe undefined => "v0.0.3-1-g94f3f47"
40 silly git-describe parsed => {"lastTagName":"v0.0.3","lastVersion":"v0.0.3","refCount":"1","sha":"94f3f47","isDirty":false}
41 info execute Skipping releases
42 silly lifecycle No script for "preversion" in "visual-interface", continuing
43 silly lifecycle No script for "preversion" in "@visual-interface/create-design-cli", continuing
44 silly lifecycle No script for "preversion" in "@visual-interface/engine", continuing
45 silly lifecycle No script for "preversion" in "@visual-interface/page-base", continuing
46 silly lifecycle No script for "preversion" in "@visual-interface/record", continuing
47 silly lifecycle No script for "preversion" in "@visual-interface/server", continuing
48 silly lifecycle No script for "version" in "@visual-interface/create-design-cli", continuing
49 silly lifecycle No script for "version" in "@visual-interface/record", continuing
50 silly lifecycle No script for "version" in "@visual-interface/server", continuing
51 silly lifecycle No script for "version" in "@visual-interface/page-base", continuing
52 silly lifecycle No script for "version" in "@visual-interface/engine", continuing
53 silly lifecycle No script for "version" in "visual-interface", continuing
54 silly gitAdd [
54 silly gitAdd   'packages/create-cli/package.json',
54 silly gitAdd   'packages/record/package.json',
54 silly gitAdd   'packages/server/package.json',
54 silly gitAdd   'packages/page-base/package.json',
54 silly gitAdd   'packages/engine/package.json',
54 silly gitAdd   'lerna.json'
54 silly gitAdd ]
55 silly gitCommit v0.0.4
56 verbose git [ 'commit', '-m', 'v0.0.4' ]
57 silly gitTag v0.0.4
58 verbose git [ 'tag', 'v0.0.4', '-m', 'v0.0.4' ]
59 silly lifecycle No script for "postversion" in "@visual-interface/create-design-cli", continuing
60 silly lifecycle No script for "postversion" in "@visual-interface/engine", continuing
61 silly lifecycle No script for "postversion" in "@visual-interface/page-base", continuing
62 silly lifecycle No script for "postversion" in "@visual-interface/record", continuing
63 silly lifecycle No script for "postversion" in "@visual-interface/server", continuing
64 silly lifecycle No script for "postversion" in "visual-interface", continuing
65 info git Pushing tags...
66 silly gitPush origin main
67 info publish Publishing packages to npm...
68 info Verifying npm credentials
69 verbose Retrieving npm user profile
70 warn registry Unexpected warning for https://registry.npmjs.org/: Miscellaneous Warning ECONNRESET: request to https://registry.npmjs.org/-/npm/v1/user failed, reason: read ECONNRESET
71 warn registry Using stale data from https://registry.npmjs.org/ due to a request error during revalidation.
72 http fetch GET 200 https://registry.npmjs.org/-/npm/v1/user 242ms (from cache)
73 silly npm profile get received {"tfa":false,"name":"xudaobin","email":"15555537368@163.com","email_verified":true,"created":"2020-04-03T07:38:55.472Z","updated":"2021-05-07T09:04:05.328Z","cidr_whitelist":null,"fullname":"xdb"}
74 silly get npm username received {"username":"xudaobin","tfa":false,"name":"xudaobin","email":"15555537368@163.com","email_verified":true,"created":"2020-04-03T07:38:55.472Z","updated":"2021-05-07T09:04:05.328Z","cidr_whitelist":null,"fullname":"xdb"}
75 silly verifyNpmPackageAccess
76 http fetch GET 200 https://registry.npmjs.org/-/org/xudaobin/package?format=cli 241ms (cache stale)
77 info Checking two-factor auth mode
78 verbose Retrieving npm user profile
79 http fetch GET 200 https://registry.npmjs.org/-/npm/v1/user 212ms (from cache)
80 silly npm profile get received {"tfa":false,"name":"xudaobin","email":"15555537368@163.com","email_verified":true,"created":"2020-04-03T07:38:55.472Z","updated":"2021-05-07T09:04:05.328Z","cidr_whitelist":null,"fullname":"xdb"}
81 silly 2FA false
82 warn ENOLICENSE Packages @visual-interface/create-design-cli, @visual-interface/engine, @visual-interface/page-base, @visual-interface/record, and @visual-interface/server are missing a license.
82 warn ENOLICENSE One way to fix this is to add a LICENSE.md file to the root of this repository.
82 warn ENOLICENSE See https://choosealicense.com for additional guidance.
83 silly getCurrentSHA
84 verbose getCurrentSHA 738ce53577c9901a0e90968ec4ea6c9cdf1bc912
85 silly lifecycle No script for "prepublish" in "visual-interface", continuing
86 silly lifecycle No script for "prepare" in "visual-interface", continuing
87 silly lifecycle No script for "prepublishOnly" in "visual-interface", continuing
88 silly lifecycle No script for "prepack" in "visual-interface", continuing
89 verbose pack-directory packages\create-cli
90 verbose pack-directory packages\engine
91 verbose pack-directory packages\page-base
92 verbose pack-directory packages\record
93 verbose pack-directory packages\server
94 silly lifecycle No script for "prepublish" in "@visual-interface/create-design-cli", continuing
95 silly lifecycle No script for "prepublish" in "@visual-interface/engine", continuing
96 silly lifecycle No script for "prepublish" in "@visual-interface/page-base", continuing
97 silly lifecycle No script for "prepublish" in "@visual-interface/record", continuing
98 silly lifecycle No script for "prepublish" in "@visual-interface/server", continuing
99 silly lifecycle No script for "prepare" in "@visual-interface/create-design-cli", continuing
100 silly lifecycle No script for "prepare" in "@visual-interface/engine", continuing
101 silly lifecycle No script for "prepare" in "@visual-interface/page-base", continuing
102 silly lifecycle No script for "prepare" in "@visual-interface/record", continuing
103 silly lifecycle No script for "prepare" in "@visual-interface/server", continuing
104 silly lifecycle No script for "prepublishOnly" in "@visual-interface/create-design-cli", continuing
105 silly lifecycle No script for "prepublishOnly" in "@visual-interface/engine", continuing
106 silly lifecycle No script for "prepublishOnly" in "@visual-interface/page-base", continuing
107 silly lifecycle No script for "prepublishOnly" in "@visual-interface/record", continuing
108 silly lifecycle No script for "prepublishOnly" in "@visual-interface/server", continuing
109 silly lifecycle No script for "prepack" in "@visual-interface/create-design-cli", continuing
110 silly lifecycle No script for "prepack" in "@visual-interface/record", continuing
111 silly lifecycle No script for "prepack" in "@visual-interface/page-base", continuing
112 silly lifecycle No script for "prepack" in "@visual-interface/engine", continuing
113 silly lifecycle No script for "prepack" in "@visual-interface/server", continuing
114 silly lifecycle No script for "postpack" in "@visual-interface/record", continuing
115 verbose packed packages\record
116 silly lifecycle No script for "postpack" in "@visual-interface/engine", continuing
117 verbose packed packages\engine
118 silly lifecycle No script for "postpack" in "@visual-interface/server", continuing
119 verbose packed packages\server
120 silly lifecycle No script for "postpack" in "@visual-interface/create-design-cli", continuing
121 verbose packed packages\create-cli
122 silly lifecycle No script for "postpack" in "@visual-interface/page-base", continuing
123 verbose packed packages\page-base
124 silly lifecycle No script for "postpack" in "visual-interface", continuing
125 verbose publish @visual-interface/create-design-cli
126 verbose publish @visual-interface/engine
127 verbose publish @visual-interface/page-base
128 verbose publish @visual-interface/record
129 verbose publish @visual-interface/server
130 silly FetchError: request to https://registry.npmjs.org/@visual-interface%2frecord failed, reason: read ECONNRESET
130 silly     at ClientRequest.<anonymous> (C:\github-my\visual-interface\node_modules\minipass-fetch\lib\index.js:97:14)
130 silly     at ClientRequest.emit (events.js:315:20)
130 silly     at TLSSocket.socketErrorListener (_http_client.js:469:9)
130 silly     at TLSSocket.emit (events.js:327:22)
130 silly     at emitErrorNT (internal/streams/destroy.js:106:8)
130 silly     at emitErrorCloseNT (internal/streams/destroy.js:74:3)
130 silly     at processTicksAndRejections (internal/process/task_queues.js:80:21)
130 silly  FetchError: request to https://registry.npmjs.org/@visual-interface%2frecord failed, reason: read ECONNRESET
130 silly     at ClientRequest.<anonymous> (C:\github-my\visual-interface\node_modules\minipass-fetch\lib\index.js:97:14)
130 silly     at ClientRequest.emit (events.js:315:20)
130 silly     at TLSSocket.socketErrorListener (_http_client.js:469:9)
130 silly     at TLSSocket.emit (events.js:327:22)
130 silly     at emitErrorNT (internal/streams/destroy.js:106:8)
130 silly     at emitErrorCloseNT (internal/streams/destroy.js:74:3)
130 silly     at processTicksAndRejections (internal/process/task_queues.js:80:21) {
130 silly   code: 'ECONNRESET',
130 silly   errno: 'ECONNRESET',
130 silly   syscall: 'read',
130 silly   type: 'system'
130 silly }
131 error ECONNRESET request to https://registry.npmjs.org/@visual-interface%2frecord failed, reason: read ECONNRESET
132 error FetchError: request to https://registry.npmjs.org/@visual-interface%2frecord failed, reason: read ECONNRESET
132 error     at ClientRequest.<anonymous> (C:\github-my\visual-interface\node_modules\minipass-fetch\lib\index.js:97:14)
132 error     at ClientRequest.emit (events.js:315:20)
132 error     at TLSSocket.socketErrorListener (_http_client.js:469:9)
132 error     at TLSSocket.emit (events.js:327:22)
132 error     at emitErrorNT (internal/streams/destroy.js:106:8)
132 error     at emitErrorCloseNT (internal/streams/destroy.js:74:3)
